Microsoft (R) Macro Assembler Version 14.44.35217.0	    12/16/25 17:29:18
asmFile.asm						     Page 1 - 1


				.586
				.MODEL FLAT, STDCALL
				includelib kernel32.lib
				includelib user32.lib
				ExitProcess PROTO : DWORD
				MessageBoxA PROTO : DWORD, : DWORD, : DWORD, : DWORD
				.STACK 4096
 00000000			.CONST
 00000000			.DATA
 = 00000000			OK EQU 0
 00000000 53 45 5F 41 73	TEXT_MESSAGE DB "SE_Asm04", 0
	   6D 30 34 00
 00000009 00000000		HW DD ?
 0000000D 79 79 79 79 69	CHAR_ARRAY DB 'yyyyi1', 0
	   31 00
 = 00000006			CHAR_ARRAY_LENGTH EQU 6

 00000014 00			BOOL_LITERAL DB 0

 00000015 C4 E5 F1 E5 F0	FULL_MSG DB "Десериализованные данные:", 13, 10
	   E8 E0 EB E8 E7
	   EE E2 E0 ED ED
	   FB E5 20 E4 E0
	   ED ED FB E5 3A
	   0D 0A
 00000030  CC E0 F1 F1 E8	         DB "Массив char: yyyyi1", 13, 10
	   E2 20 63 68 61
	   72 3A 20 79 79
	   79 79 69 31 0D
	   0A
 00000045  C4 EB E8 ED E0	         DB "Длина массива: 6", 13, 10
	   20 EC E0 F1 F1
	   E8 E2 E0 3A 20
	   36 0D 0A
 00000057  42 6F 6F 6C 20	         DB "Bool литерал: false", 0
	   EB E8 F2 E5 F0
	   E0 EB 3A 20 66
	   61 6C 73 65 00
 00000000			.CODE
 00000000			main PROC
				INVOKE MessageBoxA, 0, OFFSET FULL_MSG, OFFSET TEXT_MESSAGE, OK
 00000013  6A 00		push 0
 00000015  E8 00000000 E	call ExitProcess
 0000001A			main ENDP
				END main
Microsoft (R) Macro Assembler Version 14.44.35217.0	    12/16/25 17:29:18
asmFile.asm						     Symbols 2 - 1




Segments and Groups:

                N a m e                 Size     Length   Align   Combine Class

CONST  . . . . . . . . . . . . .	32 Bit	 00000000 Para	  Public  'CONST'	 ReadOnly
FLAT . . . . . . . . . . . . . .	GROUP
STACK  . . . . . . . . . . . . .	32 Bit	 00001000 Para	  Stack	  'STACK'	 
_DATA  . . . . . . . . . . . . .	32 Bit	 0000006B Para	  Public  'DATA'	
_TEXT  . . . . . . . . . . . . .	32 Bit	 0000001A Para	  Public  'CODE'	


Procedures, parameters, and locals:

                N a m e                 Type     Value    Attr

ExitProcess  . . . . . . . . . .	P Near	 00000000 FLAT	Length= 00000000 External STDCALL
MessageBoxA  . . . . . . . . . .	P Near	 00000000 FLAT	Length= 00000000 External STDCALL
main . . . . . . . . . . . . . .	P Near	 00000000 _TEXT	Length= 0000001A Public STDCALL


Symbols:

                N a m e                 Type     Value    Attr

@CodeSize  . . . . . . . . . . .	Number	 00000000h   
@DataSize  . . . . . . . . . . .	Number	 00000000h   
@Interface . . . . . . . . . . .	Number	 00000003h   
@Model . . . . . . . . . . . . .	Number	 00000007h   
@code  . . . . . . . . . . . . .	Text   	 _TEXT
@data  . . . . . . . . . . . . .	Text   	 FLAT
@fardata?  . . . . . . . . . . .	Text   	 FLAT
@fardata . . . . . . . . . . . .	Text   	 FLAT
@stack . . . . . . . . . . . . .	Text   	 FLAT
BOOL_LITERAL . . . . . . . . . .	Byte	 00000014 _DATA	
CHAR_ARRAY_LENGTH  . . . . . . .	Number	 00000006h   
CHAR_ARRAY . . . . . . . . . . .	Byte	 0000000D _DATA	
FULL_MSG . . . . . . . . . . . .	Byte	 00000015 _DATA	
HW . . . . . . . . . . . . . . .	DWord	 00000009 _DATA	
OK . . . . . . . . . . . . . . .	Number	 00000000h   
TEXT_MESSAGE . . . . . . . . . .	Byte	 00000000 _DATA	

	   0 Warnings
	   0 Errors
