Microsoft (R) Macro Assembler Version 14.44.35217.0	    12/16/25 17:30:17
SE_asm01b.asm						     Page 1 - 1


				.586P
				.MODEL FLAT, STDCALL
				
				includelib ucrt.lib
				includelib kernel32.lib
				includelib "..\Debug\SE_asm01a.lib"
				
				ExitProcess         PROTO : DWORD
				system              PROTO C : DWORD
				GetStdHandle        PROTO : DWORD
				WriteConsoleA       PROTO : DWORD, : DWORD, : DWORD, : DWORD, : DWORD
				SetConsoleTitleA    PROTO : DWORD
				SetConsoleOutputCP  PROTO : DWORD
				SetConsoleCP        PROTO : DWORD
				
				printConsole        PROTO : DWORD, : DWORD
				getmin              PROTO : DWORD, : DWORD
				getmax              PROTO : DWORD, : DWORD
				
				.STACK 4096
				
 00000000			.CONST
 = 0000000A			endl        equ 0Ah
 00000000 0A 00			str_endl    BYTE endl, 0
 00000002 70 61 75 73 65	str_pause   BYTE "pause", 0
	   00
				
 00000000			.DATA
 00000000 FFFFFFFB		Array           SDWORD -5, 5, 23, -1, 25, 8, -4, 22, 9, 0
	   00000005
	   00000017
	   FFFFFFFF
	   00000019
	   00000008
	   FFFFFFFC
	   00000016
	   00000009
	   00000000
 00000028 C7 E0 E4 E0 ED	consoleTitle    BYTE "Задание 3", 0
	   E8 E5 20 33 00
				
 00000032 C7 E0 E4 E0 F7	text            BYTE "Задача : getmax + getmin = ", 0
	   E0 20 3A 20 67
	   65 74 6D 61 78
	   20 2B 20 67 65
	   74 6D 69 6E 20
	   3D 20 00
 0000004E  00000028 [		string          BYTE 40 dup(0)
	    00
	   ]
				
 00000076 CC E8 ED E8 EC	min_string      BYTE "Минимальное значение = ", 0
	   E0 EB FC ED EE
	   E5 20 E7 ED E0
	   F7 E5 ED E8 E5
	   20 3D 20 00
 0000008E  00000028 [		min_str         BYTE 40 dup(0)
	    00
	   ]
				
 000000B6 CC E0 EA F1 E8	max_string      BYTE "Максимальное значение = ", 0
	   EC E0 EB FC ED
	   EE E5 20 E7 ED
	   E0 F7 E5 ED E8
	   E5 20 3D 20 00
 000000CF  00000028 [		max_str         BYTE 40 dup(0)
	    00
	   ]
				
 000000F7 00000000		min             SDWORD ?
 000000FB 00000000		max             SDWORD ?
 000000FF 00000000		result          SDWORD ?
				
 00000000			.CODE
				
 00000000			int_to_char PROC uses eax ebx ecx edi esi,
				    pstr : DWORD,
				    intfield : SDWORD
				
 00000008  8B 7D 08		    mov edi, pstr
 0000000B  8B 45 0C		    mov eax, intfield
 0000000E  33 F6		    xor esi, esi
 00000010  BB 0000000A		    mov ebx, 10
				
 00000015  85 C0		    test eax, eax
 00000017  7D 06		    jge skip_neg
 00000019  C6 07 2D		    mov BYTE PTR [edi], '-'
 0000001C  47			    inc edi
 0000001D  F7 D8		    neg eax
 0000001F			skip_neg:
				
 0000001F			convert_loop:
 0000001F  33 D2		    xor edx, edx
 00000021  F7 F3		    div ebx
 00000023  66| 52		    push dx
 00000025  46			    inc esi
 00000026  85 C0		    test eax, eax
 00000028  75 F5		    jnz convert_loop
				
 0000002A			write_loop:
 0000002A  66| 5A		    pop dx
 0000002C  80 C2 30		    add dl, '0'
 0000002F  88 17		    mov [edi], dl
 00000031  47			    inc edi
 00000032  4E			    dec esi
 00000033  75 F5		    jnz write_loop
				
 00000035  C6 07 00		    mov BYTE PTR [edi], 0
				    ret
 00000041			int_to_char ENDP
				
 00000041			main PROC
				
				    INVOKE SetConsoleOutputCP, 1251
				    INVOKE SetConsoleCP, 1251
				
				  
				    INVOKE getmin, OFFSET Array, LENGTHOF Array
 00000061  A3 000000F7 R	    mov min, eax
				    INVOKE int_to_char, OFFSET min_str, min
				    INVOKE printConsole, OFFSET min_string, OFFSET consoleTitle
				    INVOKE printConsole, OFFSET min_str, OFFSET consoleTitle
				    INVOKE printConsole, OFFSET str_endl, OFFSET consoleTitle
				
				   
				    INVOKE getmax, OFFSET Array, LENGTHOF Array
 000000AF  A3 000000FB R	    mov max, eax
				    INVOKE int_to_char, OFFSET max_str, max
				    INVOKE printConsole, OFFSET max_string, OFFSET consoleTitle
				    INVOKE printConsole, OFFSET max_str, OFFSET consoleTitle
				    INVOKE printConsole, OFFSET str_endl, OFFSET consoleTitle
				
				   
 000000F1  A1 000000FB R	    mov eax, max
 000000F6  03 05 000000F7 R	    add eax, min
 000000FC  A3 000000FF R	    mov result, eax
				
				    INVOKE int_to_char, OFFSET string, result
				    INVOKE printConsole, OFFSET text, OFFSET consoleTitle
				    INVOKE printConsole, OFFSET string, OFFSET consoleTitle
				    INVOKE printConsole, OFFSET str_endl, OFFSET consoleTitle
				
 0000013E  68 00000002 R	    push OFFSET str_pause
 00000143  E8 00000000 E	    call system
				
 00000148  6A 00		    push 0
 0000014A  E8 00000000 E	    call ExitProcess
				
 0000014F			main ENDP
				
				
				
 0000014F			printConsole PROC uses eax ebx ecx edi esi,
				    pstr : DWORD,
				    ptitle : DWORD
				
				    INVOKE SetConsoleTitleA, ptitle
				    INVOKE GetStdHandle, -11
				
 00000166  8B 75 08		    mov esi, pstr
 00000169  BF FFFFFFFF		    mov edi, -1
 0000016E			count:
 0000016E  47			    inc edi
 0000016F  80 3C 3E 00		    cmp BYTE PTR [esi+edi], 0
 00000173  75 F9		    jne count
				
				    INVOKE WriteConsoleA, eax, pstr, edi, 0, 0
				    ret
 0000018C			printConsole ENDP
				
				END main
Microsoft (R) Macro Assembler Version 14.44.35217.0	    12/16/25 17:30:17
SE_asm01b.asm						     Symbols 2 - 1




Segments and Groups:

                N a m e                 Size     Length   Align   Combine Class

CONST  . . . . . . . . . . . . .	32 Bit	 00000008 Para	  Public  'CONST'	 ReadOnly
FLAT . . . . . . . . . . . . . .	GROUP
STACK  . . . . . . . . . . . . .	32 Bit	 00001000 Para	  Stack	  'STACK'	 
_DATA  . . . . . . . . . . . . .	32 Bit	 00000103 Para	  Public  'DATA'	
_TEXT  . . . . . . . . . . . . .	32 Bit	 0000018C Para	  Public  'CODE'	


Procedures, parameters, and locals:

                N a m e                 Type     Value    Attr

ExitProcess  . . . . . . . . . .	P Near	 00000000 FLAT	Length= 00000000 External STDCALL
GetStdHandle . . . . . . . . . .	P Near	 00000000 FLAT	Length= 00000000 External STDCALL
SetConsoleCP . . . . . . . . . .	P Near	 00000000 FLAT	Length= 00000000 External STDCALL
SetConsoleOutputCP . . . . . . .	P Near	 00000000 FLAT	Length= 00000000 External STDCALL
SetConsoleTitleA . . . . . . . .	P Near	 00000000 FLAT	Length= 00000000 External STDCALL
WriteConsoleA  . . . . . . . . .	P Near	 00000000 FLAT	Length= 00000000 External STDCALL
getmax . . . . . . . . . . . . .	P Near	 00000000 FLAT	Length= 00000000 External STDCALL
getmin . . . . . . . . . . . . .	P Near	 00000000 FLAT	Length= 00000000 External STDCALL
int_to_char  . . . . . . . . . .	P Near	 00000000 _TEXT	Length= 00000041 Public STDCALL
  pstr . . . . . . . . . . . . .	DWord	 bp + 00000008
  intfield . . . . . . . . . . .	DWord	 bp + 0000000C
  skip_neg . . . . . . . . . . .	L Near	 0000001F _TEXT	
  convert_loop . . . . . . . . .	L Near	 0000001F _TEXT	
  write_loop . . . . . . . . . .	L Near	 0000002A _TEXT	
main . . . . . . . . . . . . . .	P Near	 00000041 _TEXT	Length= 0000010E Public STDCALL
printConsole . . . . . . . . . .	P Near	 0000014F _TEXT	Length= 0000003D Public STDCALL
  pstr . . . . . . . . . . . . .	DWord	 bp + 00000008
  ptitle . . . . . . . . . . . .	DWord	 bp + 0000000C
  count  . . . . . . . . . . . .	L Near	 0000016E _TEXT	
system . . . . . . . . . . . . .	P Near	 00000000 FLAT	Length= 00000000 External C


Symbols:

                N a m e                 Type     Value    Attr

@CodeSize  . . . . . . . . . . .	Number	 00000000h   
@DataSize  . . . . . . . . . . .	Number	 00000000h   
@Interface . . . . . . . . . . .	Number	 00000003h   
@Model . . . . . . . . . . . . .	Number	 00000007h   
@code  . . . . . . . . . . . . .	Text   	 _TEXT
@data  . . . . . . . . . . . . .	Text   	 FLAT
@fardata?  . . . . . . . . . . .	Text   	 FLAT
@fardata . . . . . . . . . . . .	Text   	 FLAT
@stack . . . . . . . . . . . . .	Text   	 FLAT
Array  . . . . . . . . . . . . .	DWord	 00000000 _DATA	
consoleTitle . . . . . . . . . .	Byte	 00000028 _DATA	
endl . . . . . . . . . . . . . .	Number	 0000000Ah   
max_string . . . . . . . . . . .	Byte	 000000B6 _DATA	
max_str  . . . . . . . . . . . .	Byte	 000000CF _DATA	
max  . . . . . . . . . . . . . .	DWord	 000000FB _DATA	
min_string . . . . . . . . . . .	Byte	 00000076 _DATA	
min_str  . . . . . . . . . . . .	Byte	 0000008E _DATA	
min  . . . . . . . . . . . . . .	DWord	 000000F7 _DATA	
result . . . . . . . . . . . . .	DWord	 000000FF _DATA	
str_endl . . . . . . . . . . . .	Byte	 00000000 CONST	
str_pause  . . . . . . . . . . .	Byte	 00000002 CONST	
string . . . . . . . . . . . . .	Byte	 0000004E _DATA	
text . . . . . . . . . . . . . .	Byte	 00000032 _DATA	

	   0 Warnings
	   0 Errors
