d:\3 сем\кпо\17\laba17\se_lab17\x64\debug\vc143.pdb
d:\3 сем\кпо\17\laba17\se_lab17\x64\debug\vc143.idb
d:\3 сем\кпо\17\laba17\se_lab17\x64\debug\se_lab17.obj
d:\3 сем\кпо\17\laba17\se_lab17\x64\debug\parm.obj
d:\3 сем\кпо\17\laba17\se_lab17\x64\debug\out.obj
d:\3 сем\кпо\17\laba17\se_lab17\x64\debug\lt.obj
d:\3 сем\кпо\17\laba17\se_lab17\x64\debug\log.obj
d:\3 сем\кпо\17\laba17\se_lab17\x64\debug\lexer.obj
d:\3 сем\кпо\17\laba17\se_lab17\x64\debug\it.obj
d:\3 сем\кпо\17\laba17\se_lab17\x64\debug\in.obj
d:\3 сем\кпо\17\laba17\se_lab17\x64\debug\fst.obj
d:\3 сем\кпо\17\laba17\se_lab17\x64\debug\error.obj
d:\3 сем\кпо\17\laba17\x64\debug\se_lab17.exe
d:\3 сем\кпо\17\laba17\x64\debug\se_lab17.pdb
d:\3 сем\кпо\17\laba17\se_lab17\x64\debug\se_lab17.ilk
d:\3 сем\кпо\17\laba17\se_lab17\x64\debug\se_lab17.tlog\cl.command.1.tlog
d:\3 сем\кпо\17\laba17\se_lab17\x64\debug\se_lab17.tlog\cl.items.tlog
d:\3 сем\кпо\17\laba17\se_lab17\x64\debug\se_lab17.tlog\cl.read.1.tlog
d:\3 сем\кпо\17\laba17\se_lab17\x64\debug\se_lab17.tlog\cl.write.1.tlog
d:\3 сем\кпо\17\laba17\se_lab17\x64\debug\se_lab17.tlog\link.command.1.tlog
d:\3 сем\кпо\17\laba17\se_lab17\x64\debug\se_lab17.tlog\link.read.1.tlog
d:\3 сем\кпо\17\laba17\se_lab17\x64\debug\se_lab17.tlog\link.secondary.1.tlog
d:\3 сем\кпо\17\laba17\se_lab17\x64\debug\se_lab17.tlog\link.write.1.tlog
