Microsoft (R) Macro Assembler Version 14.44.35219.0	    11/06/25 18:26:23
asm02.asm						     Page 1 - 1


				.586
				.MODEL flat, stdcall
				includelib kernel32.lib
				includelib user32.lib


				ExitProcess PROTO :DWORD
				MessageBoxA PROTO :DWORD, :DWORD, :DWORD, :DWORD

				.STACK 4096

 00000000			.CONST

 00000000			.DATA
 00000000 06			numbc db 6

 00000001 03			numbx db 3
 00000002 D0 E5 E7 F3 EB	str1 db "Результат сложения  ", 0
	   FC F2 E0 F2 20
	   F1 EB EE E6 E5
	   ED E8 FF 20 20
	   00
 00000017 D1 EB EE E6 E5	str2 db "Сложение", 0
	   ED E8 E5 00

 00000000			.CODE

 00000000			main PROC

 00000000  A0 00000000 R	    mov al,numbc            
 00000005  02 05 00000001 R	    add al, numbx          
 0000000B  04 30		    add al, '0'            
 0000000D  A2 00000015 R	    mov str1+19, al           

				    invoke MessageBoxA, 0, offset str1, offset str2, 0

 00000025  6A 00		    push 0                    
 00000027  E8 00000000 E	    call ExitProcess          

 0000002C			main ENDP
				end main
Microsoft (R) Macro Assembler Version 14.44.35219.0	    11/06/25 18:26:23
asm02.asm						     Symbols 2 - 1




Segments and Groups:

                N a m e                 Size     Length   Align   Combine Class

CONST  . . . . . . . . . . . . .	32 Bit	 00000000 Para	  Public  'CONST'	 ReadOnly
FLAT . . . . . . . . . . . . . .	GROUP
STACK  . . . . . . . . . . . . .	32 Bit	 00001000 Para	  Stack	  'STACK'	 
_DATA  . . . . . . . . . . . . .	32 Bit	 00000020 Para	  Public  'DATA'	
_TEXT  . . . . . . . . . . . . .	32 Bit	 0000002C Para	  Public  'CODE'	


Procedures, parameters, and locals:

                N a m e                 Type     Value    Attr

ExitProcess  . . . . . . . . . .	P Near	 00000000 FLAT	Length= 00000000 External STDCALL
MessageBoxA  . . . . . . . . . .	P Near	 00000000 FLAT	Length= 00000000 External STDCALL
main . . . . . . . . . . . . . .	P Near	 00000000 _TEXT	Length= 0000002C Public STDCALL


Symbols:

                N a m e                 Type     Value    Attr

@CodeSize  . . . . . . . . . . .	Number	 00000000h   
@DataSize  . . . . . . . . . . .	Number	 00000000h   
@Interface . . . . . . . . . . .	Number	 00000003h   
@Model . . . . . . . . . . . . .	Number	 00000007h   
@code  . . . . . . . . . . . . .	Text   	 _TEXT
@data  . . . . . . . . . . . . .	Text   	 FLAT
@fardata?  . . . . . . . . . . .	Text   	 FLAT
@fardata . . . . . . . . . . . .	Text   	 FLAT
@stack . . . . . . . . . . . . .	Text   	 FLAT
numbc  . . . . . . . . . . . . .	Byte	 00000000 _DATA	
numbx  . . . . . . . . . . . . .	Byte	 00000001 _DATA	
str1 . . . . . . . . . . . . . .	Byte	 00000002 _DATA	
str2 . . . . . . . . . . . . . .	Byte	 00000017 _DATA	

	   0 Warnings
	   0 Errors
